{"/home/enock/mod3project/my-app/src/App.jsx": {"path":"/home/enock/mod3project/my-app/src/App.jsx","statementMap":{"0":{"start":{"line":10,"column":26},"end":{"line":10,"column":40}},"1":{"start":{"line":12,"column":2},"end":{"line":17,"column":8}},"2":{"start":{"line":13,"column":18},"end":{"line":15,"column":6}},"3":{"start":{"line":14,"column":6},"end":{"line":14,"column":21}},"4":{"start":{"line":16,"column":4},"end":{"line":16,"column":16}},"5":{"start":{"line":19,"column":2},"end":{"line":57,"column":3}}},"fnMap":{"0":{"name":"App","decl":{"start":{"line":9,"column":9},"end":{"line":9,"column":12}},"loc":{"start":{"line":9,"column":15},"end":{"line":58,"column":1}},"line":9},"1":{"name":"(anonymous_1)","decl":{"start":{"line":12,"column":12},"end":{"line":12,"column":13}},"loc":{"start":{"line":12,"column":18},"end":{"line":17,"column":3}},"line":12},"2":{"name":"(anonymous_2)","decl":{"start":{"line":13,"column":32},"end":{"line":13,"column":33}},"loc":{"start":{"line":13,"column":44},"end":{"line":15,"column":5}},"line":13}},"branchMap":{"0":{"loc":{"start":{"line":35,"column":21},"end":{"line":35,"column":79}},"type":"cond-expr","locations":[{"start":{"line":35,"column":28},"end":{"line":35,"column":64}},{"start":{"line":35,"column":67},"end":{"line":35,"column":79}}],"line":35},"1":{"loc":{"start":{"line":40,"column":14},"end":{"line":40,"column":90}},"type":"cond-expr","locations":[{"start":{"line":40,"column":21},"end":{"line":40,"column":57}},{"start":{"line":40,"column":60},"end":{"line":40,"column":90}}],"line":40},"2":{"loc":{"start":{"line":46,"column":14},"end":{"line":46,"column":81}},"type":"cond-expr","locations":[{"start":{"line":46,"column":21},"end":{"line":46,"column":46}},{"start":{"line":46,"column":49},"end":{"line":46,"column":81}}],"line":46},"3":{"loc":{"start":{"line":51,"column":35},"end":{"line":51,"column":60}},"type":"cond-expr","locations":[{"start":{"line":51,"column":42},"end":{"line":51,"column":54}},{"start":{"line":51,"column":57},"end":{"line":51,"column":60}}],"line":51}},"s":{"0":0,"1":0,"2":0,"3":0,"4":0,"5":0},"f":{"0":0,"1":0,"2":0},"b":{"0":[0,0],"1":[0,0],"2":[0,0],"3":[0,0]}}
,"/home/enock/mod3project/my-app/src/firebase.js": {"path":"/home/enock/mod3project/my-app/src/firebase.js","statementMap":{"0":{"start":{"line":12,"column":23},"end":{"line":20,"column":1}},"1":{"start":{"line":22,"column":12},"end":{"line":22,"column":41}},"2":{"start":{"line":23,"column":13},"end":{"line":23,"column":25}},"3":{"start":{"line":24,"column":23},"end":{"line":24,"column":47}},"4":{"start":{"line":26,"column":22},"end":{"line":27,"column":55}},"5":{"start":{"line":27,"column":2},"end":{"line":27,"column":55}},"6":{"start":{"line":29,"column":22},"end":{"line":30,"column":51}},"7":{"start":{"line":30,"column":2},"end":{"line":30,"column":51}},"8":{"start":{"line":32,"column":32},"end":{"line":32,"column":75}},"9":{"start":{"line":32,"column":38},"end":{"line":32,"column":75}},"10":{"start":{"line":34,"column":22},"end":{"line":34,"column":41}},"11":{"start":{"line":34,"column":28},"end":{"line":34,"column":41}},"12":{"start":{"line":36,"column":29},"end":{"line":36,"column":65}},"13":{"start":{"line":36,"column":37},"end":{"line":36,"column":65}}},"fnMap":{"0":{"name":"(anonymous_0)","decl":{"start":{"line":26,"column":22},"end":{"line":26,"column":23}},"loc":{"start":{"line":27,"column":2},"end":{"line":27,"column":55}},"line":27},"1":{"name":"(anonymous_1)","decl":{"start":{"line":29,"column":22},"end":{"line":29,"column":23}},"loc":{"start":{"line":30,"column":2},"end":{"line":30,"column":51}},"line":30},"2":{"name":"(anonymous_2)","decl":{"start":{"line":32,"column":32},"end":{"line":32,"column":33}},"loc":{"start":{"line":32,"column":38},"end":{"line":32,"column":75}},"line":32},"3":{"name":"(anonymous_3)","decl":{"start":{"line":34,"column":22},"end":{"line":34,"column":23}},"loc":{"start":{"line":34,"column":28},"end":{"line":34,"column":41}},"line":34},"4":{"name":"(anonymous_4)","decl":{"start":{"line":36,"column":29},"end":{"line":36,"column":30}},"loc":{"start":{"line":36,"column":37},"end":{"line":36,"column":65}},"line":36}},"branchMap":{},"s":{"0":0,"1":0,"2":0,"3":0,"4":0,"5":0,"6":0,"7":0,"8":0,"9":0,"10":0,"11":0,"12":0,"13":0},"f":{"0":0,"1":0,"2":0,"3":0,"4":0},"b":{}}
,"/home/enock/mod3project/my-app/src/components/CategoryPieChart.jsx": {"path":"/home/enock/mod3project/my-app/src/components/CategoryPieChart.jsx","statementMap":{"0":{"start":{"line":5,"column":0},"end":{"line":5,"column":45}},"1":{"start":{"line":7,"column":15},"end":{"line":16,"column":1}},"2":{"start":{"line":19,"column":17},"end":{"line":19,"column":19}},"3":{"start":{"line":20,"column":2},"end":{"line":23,"column":4}},"4":{"start":{"line":21,"column":16},"end":{"line":21,"column":37}},"5":{"start":{"line":22,"column":4},"end":{"line":22,"column":60}},"6":{"start":{"line":25,"column":17},"end":{"line":25,"column":36}},"7":{"start":{"line":26,"column":15},"end":{"line":35,"column":3}},"8":{"start":{"line":30,"column":32},"end":{"line":30,"column":41}},"9":{"start":{"line":31,"column":46},"end":{"line":31,"column":71}},"10":{"start":{"line":37,"column":2},"end":{"line":42,"column":3}}},"fnMap":{"0":{"name":"CategoryPieChart","decl":{"start":{"line":18,"column":9},"end":{"line":18,"column":25}},"loc":{"start":{"line":18,"column":45},"end":{"line":43,"column":1}},"line":18},"1":{"name":"(anonymous_1)","decl":{"start":{"line":20,"column":19},"end":{"line":20,"column":20}},"loc":{"start":{"line":20,"column":26},"end":{"line":23,"column":3}},"line":20},"2":{"name":"(anonymous_2)","decl":{"start":{"line":30,"column":25},"end":{"line":30,"column":26}},"loc":{"start":{"line":30,"column":32},"end":{"line":30,"column":41}},"line":30},"3":{"name":"(anonymous_3)","decl":{"start":{"line":31,"column":36},"end":{"line":31,"column":37}},"loc":{"start":{"line":31,"column":46},"end":{"line":31,"column":71}},"line":31}},"branchMap":{"0":{"loc":{"start":{"line":18,"column":28},"end":{"line":18,"column":41}},"type":"default-arg","locations":[{"start":{"line":18,"column":39},"end":{"line":18,"column":41}}],"line":18},"1":{"loc":{"start":{"line":21,"column":16},"end":{"line":21,"column":37}},"type":"binary-expr","locations":[{"start":{"line":21,"column":16},"end":{"line":21,"column":26}},{"start":{"line":21,"column":30},"end":{"line":21,"column":37}}],"line":21},"2":{"loc":{"start":{"line":22,"column":19},"end":{"line":22,"column":35}},"type":"binary-expr","locations":[{"start":{"line":22,"column":19},"end":{"line":22,"column":30}},{"start":{"line":22,"column":34},"end":{"line":22,"column":35}}],"line":22},"3":{"loc":{"start":{"line":22,"column":46},"end":{"line":22,"column":59}},"type":"binary-expr","locations":[{"start":{"line":22,"column":46},"end":{"line":22,"column":54}},{"start":{"line":22,"column":58},"end":{"line":22,"column":59}}],"line":22},"4":{"loc":{"start":{"line":40,"column":7},"end":{"line":40,"column":68}},"type":"cond-expr","locations":[{"start":{"line":40,"column":23},"end":{"line":40,"column":42}},{"start":{"line":40,"column":45},"end":{"line":40,"column":68}}],"line":40}},"s":{"0":0,"1":0,"2":0,"3":0,"4":0,"5":0,"6":0,"7":0,"8":0,"9":0,"10":0},"f":{"0":0,"1":0,"2":0,"3":0},"b":{"0":[0],"1":[0,0],"2":[0,0],"3":[0,0],"4":[0,0]}}
,"/home/enock/mod3project/my-app/src/components/ExpenseList.jsx": {"path":"/home/enock/mod3project/my-app/src/components/ExpenseList.jsx","statementMap":{"0":{"start":{"line":2,"column":2},"end":{"line":4,"column":3}},"1":{"start":{"line":3,"column":4},"end":{"line":3,"column":96}},"2":{"start":{"line":6,"column":2},"end":{"line":26,"column":3}},"3":{"start":{"line":11,"column":10},"end":{"line":22,"column":15}},"4":{"start":{"line":18,"column":77},"end":{"line":18,"column":96}}},"fnMap":{"0":{"name":"ExpenseList","decl":{"start":{"line":1,"column":9},"end":{"line":1,"column":20}},"loc":{"start":{"line":1,"column":45},"end":{"line":27,"column":1}},"line":1},"1":{"name":"(anonymous_1)","decl":{"start":{"line":10,"column":22},"end":{"line":10,"column":23}},"loc":{"start":{"line":11,"column":10},"end":{"line":22,"column":15}},"line":11},"2":{"name":"(anonymous_2)","decl":{"start":{"line":18,"column":71},"end":{"line":18,"column":72}},"loc":{"start":{"line":18,"column":77},"end":{"line":18,"column":96}},"line":18}},"branchMap":{"0":{"loc":{"start":{"line":2,"column":2},"end":{"line":4,"column":3}},"type":"if","locations":[{"start":{"line":2,"column":2},"end":{"line":4,"column":3}},{"start":{},"end":{}}],"line":2}},"s":{"0":0,"1":0,"2":0,"3":0,"4":0},"f":{"0":0,"1":0,"2":0},"b":{"0":[0,0]}}
,"/home/enock/mod3project/my-app/src/components/Expenseform.jsx": {"path":"/home/enock/mod3project/my-app/src/components/Expenseform.jsx","statementMap":{"0":{"start":{"line":3,"column":20},"end":{"line":7,"column":1}},"1":{"start":{"line":10,"column":26},"end":{"line":10,"column":47}},"2":{"start":{"line":12,"column":23},"end":{"line":15,"column":3}},"3":{"start":{"line":13,"column":28},"end":{"line":13,"column":40}},"4":{"start":{"line":14,"column":4},"end":{"line":14,"column":57}},"5":{"start":{"line":14,"column":26},"end":{"line":14,"column":55}},"6":{"start":{"line":17,"column":23},"end":{"line":30,"column":3}},"7":{"start":{"line":18,"column":4},"end":{"line":18,"column":26}},"8":{"start":{"line":19,"column":19},"end":{"line":19,"column":42}},"9":{"start":{"line":20,"column":4},"end":{"line":20,"column":73}},"10":{"start":{"line":20,"column":67},"end":{"line":20,"column":73}},"11":{"start":{"line":22,"column":4},"end":{"line":27,"column":6}},"12":{"start":{"line":29,"column":4},"end":{"line":29,"column":24}},"13":{"start":{"line":32,"column":2},"end":{"line":66,"column":3}}},"fnMap":{"0":{"name":"Expenseform","decl":{"start":{"line":9,"column":9},"end":{"line":9,"column":20}},"loc":{"start":{"line":9,"column":32},"end":{"line":67,"column":1}},"line":9},"1":{"name":"(anonymous_1)","decl":{"start":{"line":12,"column":23},"end":{"line":12,"column":24}},"loc":{"start":{"line":12,"column":34},"end":{"line":15,"column":3}},"line":12},"2":{"name":"(anonymous_2)","decl":{"start":{"line":14,"column":12},"end":{"line":14,"column":13}},"loc":{"start":{"line":14,"column":26},"end":{"line":14,"column":55}},"line":14},"3":{"name":"(anonymous_3)","decl":{"start":{"line":17,"column":23},"end":{"line":17,"column":24}},"loc":{"start":{"line":17,"column":34},"end":{"line":30,"column":3}},"line":17}},"branchMap":{"0":{"loc":{"start":{"line":20,"column":4},"end":{"line":20,"column":73}},"type":"if","locations":[{"start":{"line":20,"column":4},"end":{"line":20,"column":73}},{"start":{},"end":{}}],"line":20},"1":{"loc":{"start":{"line":20,"column":8},"end":{"line":20,"column":65}},"type":"binary-expr","locations":[{"start":{"line":20,"column":8},"end":{"line":20,"column":26}},{"start":{"line":20,"column":30},"end":{"line":20,"column":50}},{"start":{"line":20,"column":54},"end":{"line":20,"column":65}}],"line":20},"2":{"loc":{"start":{"line":26,"column":16},"end":{"line":26,"column":47}},"type":"binary-expr","locations":[{"start":{"line":26,"column":16},"end":{"line":26,"column":36}},{"start":{"line":26,"column":40},"end":{"line":26,"column":47}}],"line":26}},"s":{"0":0,"1":0,"2":0,"3":0,"4":0,"5":0,"6":0,"7":0,"8":0,"9":0,"10":0,"11":0,"12":0,"13":0},"f":{"0":0,"1":0,"2":0,"3":0},"b":{"0":[0,0],"1":[0,0,0],"2":[0,0]}}
,"/home/enock/mod3project/my-app/src/components/ProtectedRoute.jsx": {"path":"/home/enock/mod3project/my-app/src/components/ProtectedRoute.jsx","statementMap":{},"fnMap":{},"branchMap":{},"s":{},"f":{},"b":{}}
,"/home/enock/mod3project/my-app/src/components/TrendLineChart.jsx": {"path":"/home/enock/mod3project/my-app/src/components/TrendLineChart.jsx","statementMap":{"0":{"start":{"line":13,"column":0},"end":{"line":13,"column":88}},"1":{"start":{"line":16,"column":23},"end":{"line":16,"column":25}},"2":{"start":{"line":17,"column":2},"end":{"line":22,"column":4}},"3":{"start":{"line":18,"column":15},"end":{"line":18,"column":41}},"4":{"start":{"line":19,"column":14},"end":{"line":19,"column":26}},"5":{"start":{"line":20,"column":16},"end":{"line":20,"column":44}},"6":{"start":{"line":21,"column":4},"end":{"line":21,"column":72}},"7":{"start":{"line":24,"column":17},"end":{"line":24,"column":49}},"8":{"start":{"line":25,"column":15},"end":{"line":37,"column":3}},"9":{"start":{"line":30,"column":32},"end":{"line":30,"column":47}},"10":{"start":{"line":39,"column":2},"end":{"line":44,"column":3}}},"fnMap":{"0":{"name":"TrendLineChart","decl":{"start":{"line":15,"column":9},"end":{"line":15,"column":23}},"loc":{"start":{"line":15,"column":43},"end":{"line":45,"column":1}},"line":15},"1":{"name":"(anonymous_1)","decl":{"start":{"line":17,"column":19},"end":{"line":17,"column":20}},"loc":{"start":{"line":17,"column":26},"end":{"line":22,"column":3}},"line":17},"2":{"name":"(anonymous_2)","decl":{"start":{"line":30,"column":25},"end":{"line":30,"column":26}},"loc":{"start":{"line":30,"column":32},"end":{"line":30,"column":47}},"line":30}},"branchMap":{"0":{"loc":{"start":{"line":15,"column":26},"end":{"line":15,"column":39}},"type":"default-arg","locations":[{"start":{"line":15,"column":37},"end":{"line":15,"column":39}}],"line":15},"1":{"loc":{"start":{"line":18,"column":15},"end":{"line":18,"column":41}},"type":"binary-expr","locations":[{"start":{"line":18,"column":15},"end":{"line":18,"column":27}},{"start":{"line":18,"column":31},"end":{"line":18,"column":41}}],"line":18},"2":{"loc":{"start":{"line":21,"column":25},"end":{"line":21,"column":47}},"type":"binary-expr","locations":[{"start":{"line":21,"column":25},"end":{"line":21,"column":42}},{"start":{"line":21,"column":46},"end":{"line":21,"column":47}}],"line":21},"3":{"loc":{"start":{"line":21,"column":58},"end":{"line":21,"column":71}},"type":"binary-expr","locations":[{"start":{"line":21,"column":58},"end":{"line":21,"column":66}},{"start":{"line":21,"column":70},"end":{"line":21,"column":71}}],"line":21},"4":{"loc":{"start":{"line":42,"column":7},"end":{"line":42,"column":69}},"type":"cond-expr","locations":[{"start":{"line":42,"column":23},"end":{"line":42,"column":43}},{"start":{"line":42,"column":46},"end":{"line":42,"column":69}}],"line":42}},"s":{"0":0,"1":0,"2":0,"3":0,"4":0,"5":0,"6":0,"7":0,"8":0,"9":0,"10":0},"f":{"0":0,"1":0,"2":0},"b":{"0":[0],"1":[0,0],"2":[0,0],"3":[0,0],"4":[0,0]}}
,"/home/enock/mod3project/my-app/src/pages/AdminPage.jsx": {"path":"/home/enock/mod3project/my-app/src/pages/AdminPage.jsx","statementMap":{},"fnMap":{},"branchMap":{},"s":{},"f":{},"b":{}}
,"/home/enock/mod3project/my-app/src/pages/AuthPage.jsx": {"path":"/home/enock/mod3project/my-app/src/pages/AuthPage.jsx","statementMap":{"0":{"start":{"line":6,"column":26},"end":{"line":6,"column":44}},"1":{"start":{"line":7,"column":28},"end":{"line":7,"column":40}},"2":{"start":{"line":8,"column":34},"end":{"line":8,"column":46}},"3":{"start":{"line":9,"column":28},"end":{"line":9,"column":42}},"4":{"start":{"line":10,"column":32},"end":{"line":10,"column":47}},"5":{"start":{"line":11,"column":19},"end":{"line":11,"column":32}},"6":{"start":{"line":13,"column":30},"end":{"line":34,"column":3}},"7":{"start":{"line":14,"column":17},"end":{"line":14,"column":32}},"8":{"start":{"line":15,"column":4},"end":{"line":20,"column":5}},"9":{"start":{"line":16,"column":6},"end":{"line":18,"column":7}},"10":{"start":{"line":17,"column":8},"end":{"line":17,"column":126}},"11":{"start":{"line":19,"column":6},"end":{"line":19,"column":140}},"12":{"start":{"line":21,"column":4},"end":{"line":23,"column":5}},"13":{"start":{"line":22,"column":6},"end":{"line":22,"column":71}},"14":{"start":{"line":24,"column":4},"end":{"line":26,"column":5}},"15":{"start":{"line":25,"column":6},"end":{"line":25,"column":52}},"16":{"start":{"line":27,"column":4},"end":{"line":29,"column":5}},"17":{"start":{"line":28,"column":6},"end":{"line":28,"column":46}},"18":{"start":{"line":30,"column":4},"end":{"line":32,"column":5}},"19":{"start":{"line":31,"column":6},"end":{"line":31,"column":65}},"20":{"start":{"line":33,"column":4},"end":{"line":33,"column":73}},"21":{"start":{"line":36,"column":29},"end":{"line":39,"column":3}},"22":{"start":{"line":37,"column":4},"end":{"line":37,"column":28}},"23":{"start":{"line":38,"column":4},"end":{"line":38,"column":26}},"24":{"start":{"line":41,"column":23},"end":{"line":55,"column":3}},"25":{"start":{"line":42,"column":4},"end":{"line":42,"column":22}},"26":{"start":{"line":43,"column":4},"end":{"line":43,"column":18}},"27":{"start":{"line":44,"column":4},"end":{"line":44,"column":20}},"28":{"start":{"line":45,"column":4},"end":{"line":54,"column":5}},"29":{"start":{"line":47,"column":6},"end":{"line":48,"column":46}},"30":{"start":{"line":47,"column":29},"end":{"line":47,"column":64}},"31":{"start":{"line":48,"column":11},"end":{"line":48,"column":46}},"32":{"start":{"line":49,"column":6},"end":{"line":49,"column":34}},"33":{"start":{"line":51,"column":6},"end":{"line":51,"column":46}},"34":{"start":{"line":53,"column":6},"end":{"line":53,"column":23}},"35":{"start":{"line":57,"column":23},"end":{"line":68,"column":3}},"36":{"start":{"line":58,"column":4},"end":{"line":58,"column":18}},"37":{"start":{"line":59,"column":4},"end":{"line":59,"column":20}},"38":{"start":{"line":60,"column":4},"end":{"line":67,"column":5}},"39":{"start":{"line":61,"column":18},"end":{"line":61,"column":42}},"40":{"start":{"line":62,"column":6},"end":{"line":62,"column":34}},"41":{"start":{"line":64,"column":6},"end":{"line":64,"column":50}},"42":{"start":{"line":66,"column":6},"end":{"line":66,"column":23}},"43":{"start":{"line":70,"column":2},"end":{"line":129,"column":3}},"44":{"start":{"line":81,"column":27},"end":{"line":81,"column":51}},"45":{"start":{"line":90,"column":27},"end":{"line":90,"column":54}},"46":{"start":{"line":115,"column":49},"end":{"line":115,"column":66}},"47":{"start":{"line":122,"column":49},"end":{"line":122,"column":66}}},"fnMap":{"0":{"name":"AuthPage","decl":{"start":{"line":5,"column":9},"end":{"line":5,"column":17}},"loc":{"start":{"line":5,"column":31},"end":{"line":130,"column":1}},"line":5},"1":{"name":"(anonymous_1)","decl":{"start":{"line":13,"column":30},"end":{"line":13,"column":31}},"loc":{"start":{"line":13,"column":49},"end":{"line":34,"column":3}},"line":13},"2":{"name":"(anonymous_2)","decl":{"start":{"line":36,"column":29},"end":{"line":36,"column":30}},"loc":{"start":{"line":36,"column":39},"end":{"line":39,"column":3}},"line":36},"3":{"name":"(anonymous_3)","decl":{"start":{"line":41,"column":23},"end":{"line":41,"column":24}},"loc":{"start":{"line":41,"column":36},"end":{"line":55,"column":3}},"line":41},"4":{"name":"(anonymous_4)","decl":{"start":{"line":57,"column":23},"end":{"line":57,"column":24}},"loc":{"start":{"line":57,"column":35},"end":{"line":68,"column":3}},"line":57},"5":{"name":"(anonymous_5)","decl":{"start":{"line":81,"column":20},"end":{"line":81,"column":21}},"loc":{"start":{"line":81,"column":27},"end":{"line":81,"column":51}},"line":81},"6":{"name":"(anonymous_6)","decl":{"start":{"line":90,"column":20},"end":{"line":90,"column":21}},"loc":{"start":{"line":90,"column":27},"end":{"line":90,"column":54}},"line":90},"7":{"name":"(anonymous_7)","decl":{"start":{"line":115,"column":43},"end":{"line":115,"column":44}},"loc":{"start":{"line":115,"column":49},"end":{"line":115,"column":66}},"line":115},"8":{"name":"(anonymous_8)","decl":{"start":{"line":122,"column":43},"end":{"line":122,"column":44}},"loc":{"start":{"line":122,"column":49},"end":{"line":122,"column":66}},"line":122}},"branchMap":{"0":{"loc":{"start":{"line":14,"column":17},"end":{"line":14,"column":32}},"type":"binary-expr","locations":[{"start":{"line":14,"column":17},"end":{"line":14,"column":26}},{"start":{"line":14,"column":30},"end":{"line":14,"column":32}}],"line":14},"1":{"loc":{"start":{"line":15,"column":4},"end":{"line":20,"column":5}},"type":"if","locations":[{"start":{"line":15,"column":4},"end":{"line":20,"column":5}},{"start":{},"end":{}}],"line":15},"2":{"loc":{"start":{"line":16,"column":6},"end":{"line":18,"column":7}},"type":"if","locations":[{"start":{"line":16,"column":6},"end":{"line":18,"column":7}},{"start":{},"end":{}}],"line":16},"3":{"loc":{"start":{"line":21,"column":4},"end":{"line":23,"column":5}},"type":"if","locations":[{"start":{"line":21,"column":4},"end":{"line":23,"column":5}},{"start":{},"end":{}}],"line":21},"4":{"loc":{"start":{"line":24,"column":4},"end":{"line":26,"column":5}},"type":"if","locations":[{"start":{"line":24,"column":4},"end":{"line":26,"column":5}},{"start":{},"end":{}}],"line":24},"5":{"loc":{"start":{"line":27,"column":4},"end":{"line":29,"column":5}},"type":"if","locations":[{"start":{"line":27,"column":4},"end":{"line":29,"column":5}},{"start":{},"end":{}}],"line":27},"6":{"loc":{"start":{"line":30,"column":4},"end":{"line":32,"column":5}},"type":"if","locations":[{"start":{"line":30,"column":4},"end":{"line":32,"column":5}},{"start":{},"end":{}}],"line":30},"7":{"loc":{"start":{"line":33,"column":11},"end":{"line":33,"column":73}},"type":"binary-expr","locations":[{"start":{"line":33,"column":11},"end":{"line":33,"column":23}},{"start":{"line":33,"column":27},"end":{"line":33,"column":73}}],"line":33},"8":{"loc":{"start":{"line":37,"column":4},"end":{"line":37,"column":28}},"type":"binary-expr","locations":[{"start":{"line":37,"column":4},"end":{"line":37,"column":11}},{"start":{"line":37,"column":15},"end":{"line":37,"column":28}}],"line":37},"9":{"loc":{"start":{"line":47,"column":6},"end":{"line":48,"column":46}},"type":"if","locations":[{"start":{"line":47,"column":6},"end":{"line":48,"column":46}},{"start":{"line":48,"column":11},"end":{"line":48,"column":46}}],"line":47},"10":{"loc":{"start":{"line":94,"column":9},"end":{"line":94,"column":65}},"type":"binary-expr","locations":[{"start":{"line":94,"column":9},"end":{"line":94,"column":14}},{"start":{"line":94,"column":18},"end":{"line":94,"column":65}}],"line":94},"11":{"loc":{"start":{"line":98,"column":13},"end":{"line":98,"column":61}},"type":"cond-expr","locations":[{"start":{"line":98,"column":33},"end":{"line":98,"column":42}},{"start":{"line":98,"column":45},"end":{"line":98,"column":61}}],"line":98},"12":{"loc":{"start":{"line":112,"column":9},"end":{"line":126,"column":9}},"type":"cond-expr","locations":[{"start":{"line":113,"column":10},"end":{"line":118,"column":13}},{"start":{"line":120,"column":10},"end":{"line":125,"column":13}}],"line":112}},"s":{"0":0,"1":0,"2":0,"3":0,"4":0,"5":0,"6":0,"7":0,"8":0,"9":0,"10":0,"11":0,"12":0,"13":0,"14":0,"15":0,"16":0,"17":0,"18":0,"19":0,"20":0,"21":0,"22":0,"23":0,"24":0,"25":0,"26":0,"27":0,"28":0,"29":0,"30":0,"31":0,"32":0,"33":0,"34":0,"35":0,"36":0,"37":0,"38":0,"39":0,"40":0,"41":0,"42":0,"43":0,"44":0,"45":0,"46":0,"47":0},"f":{"0":0,"1":0,"2":0,"3":0,"4":0,"5":0,"6":0,"7":0,"8":0},"b":{"0":[0,0],"1":[0,0],"2":[0,0],"3":[0,0],"4":[0,0],"5":[0,0],"6":[0,0],"7":[0,0],"8":[0,0],"9":[0,0],"10":[0,0],"11":[0,0],"12":[0,0]}}
,"/home/enock/mod3project/my-app/src/pages/Dashboard.jsx": {"path":"/home/enock/mod3project/my-app/src/pages/Dashboard.jsx","statementMap":{"0":{"start":{"line":10,"column":34},"end":{"line":10,"column":46}},"1":{"start":{"line":11,"column":19},"end":{"line":11,"column":32}},"2":{"start":{"line":13,"column":21},"end":{"line":15,"column":3}},"3":{"start":{"line":14,"column":4},"end":{"line":14,"column":51}},"4":{"start":{"line":14,"column":29},"end":{"line":14,"column":50}},"5":{"start":{"line":17,"column":24},"end":{"line":19,"column":3}},"6":{"start":{"line":18,"column":4},"end":{"line":18,"column":77}},"7":{"start":{"line":18,"column":29},"end":{"line":18,"column":76}},"8":{"start":{"line":18,"column":54},"end":{"line":18,"column":75}},"9":{"start":{"line":21,"column":23},"end":{"line":27,"column":3}},"10":{"start":{"line":22,"column":4},"end":{"line":26,"column":5}},"11":{"start":{"line":23,"column":6},"end":{"line":23,"column":20}},"12":{"start":{"line":25,"column":6},"end":{"line":25,"column":24}},"13":{"start":{"line":29,"column":16},"end":{"line":29,"column":68}},"14":{"start":{"line":29,"column":47},"end":{"line":29,"column":64}},"15":{"start":{"line":31,"column":2},"end":{"line":62,"column":3}}},"fnMap":{"0":{"name":"Dashboard","decl":{"start":{"line":9,"column":9},"end":{"line":9,"column":18}},"loc":{"start":{"line":9,"column":29},"end":{"line":63,"column":1}},"line":9},"1":{"name":"(anonymous_1)","decl":{"start":{"line":13,"column":21},"end":{"line":13,"column":22}},"loc":{"start":{"line":13,"column":34},"end":{"line":15,"column":3}},"line":13},"2":{"name":"(anonymous_2)","decl":{"start":{"line":14,"column":16},"end":{"line":14,"column":17}},"loc":{"start":{"line":14,"column":29},"end":{"line":14,"column":50}},"line":14},"3":{"name":"(anonymous_3)","decl":{"start":{"line":17,"column":24},"end":{"line":17,"column":25}},"loc":{"start":{"line":17,"column":39},"end":{"line":19,"column":3}},"line":17},"4":{"name":"(anonymous_4)","decl":{"start":{"line":18,"column":16},"end":{"line":18,"column":17}},"loc":{"start":{"line":18,"column":29},"end":{"line":18,"column":76}},"line":18},"5":{"name":"(anonymous_5)","decl":{"start":{"line":18,"column":44},"end":{"line":18,"column":45}},"loc":{"start":{"line":18,"column":54},"end":{"line":18,"column":75}},"line":18},"6":{"name":"(anonymous_6)","decl":{"start":{"line":21,"column":23},"end":{"line":21,"column":24}},"loc":{"start":{"line":21,"column":35},"end":{"line":27,"column":3}},"line":21},"7":{"name":"(anonymous_7)","decl":{"start":{"line":29,"column":32},"end":{"line":29,"column":33}},"loc":{"start":{"line":29,"column":47},"end":{"line":29,"column":64}},"line":29}},"branchMap":{"0":{"loc":{"start":{"line":35,"column":19},"end":{"line":35,"column":51}},"type":"binary-expr","locations":[{"start":{"line":35,"column":19},"end":{"line":35,"column":36}},{"start":{"line":35,"column":40},"end":{"line":35,"column":51}}],"line":35}},"s":{"0":0,"1":0,"2":0,"3":0,"4":0,"5":0,"6":0,"7":0,"8":0,"9":0,"10":0,"11":0,"12":0,"13":0,"14":0,"15":0},"f":{"0":0,"1":0,"2":0,"3":0,"4":0,"5":0,"6":0,"7":0},"b":{"0":[0,0]}}
,"/home/enock/mod3project/my-app/src/pages/HomePage.jsx": {"path":"/home/enock/mod3project/my-app/src/pages/HomePage.jsx","statementMap":{"0":{"start":{"line":4,"column":19},"end":{"line":4,"column":32}},"1":{"start":{"line":6,"column":2},"end":{"line":42,"column":3}},"2":{"start":{"line":15,"column":51},"end":{"line":15,"column":69}}},"fnMap":{"0":{"name":"HomePage","decl":{"start":{"line":3,"column":9},"end":{"line":3,"column":17}},"loc":{"start":{"line":3,"column":20},"end":{"line":43,"column":1}},"line":3},"1":{"name":"(anonymous_1)","decl":{"start":{"line":15,"column":45},"end":{"line":15,"column":46}},"loc":{"start":{"line":15,"column":51},"end":{"line":15,"column":69}},"line":15}},"branchMap":{},"s":{"0":6,"1":6,"2":0},"f":{"0":6,"1":0},"b":{},"_coverageSchema":"1a1c01bbd47fc00a2c39e90264f33305004495a9","hash":"3ace4baaf75a3bb14e5c5abb0aef08d104e8a8cb"}
}
