TN:
SF:src/App.jsx
FN:9,App
FN:12,(anonymous_1)
FN:13,(anonymous_2)
FNF:3
FNH:0
FNDA:0,App
FNDA:0,(anonymous_1)
FNDA:0,(anonymous_2)
DA:10,0
DA:12,0
DA:13,0
DA:14,0
DA:16,0
DA:19,0
LF:6
LH:0
BRDA:35,0,0,0
BRDA:35,0,1,0
BRDA:40,1,0,0
BRDA:40,1,1,0
BRDA:46,2,0,0
BRDA:46,2,1,0
BRDA:51,3,0,0
BRDA:51,3,1,0
BRF:8
BRH:0
end_of_record
TN:
SF:src/firebase.js
FN:26,(anonymous_0)
FN:29,(anonymous_1)
FN:32,(anonymous_2)
FN:34,(anonymous_3)
FN:36,(anonymous_4)
FNF:5
FNH:0
FNDA:0,(anonymous_0)
FNDA:0,(anonymous_1)
FNDA:0,(anonymous_2)
FNDA:0,(anonymous_3)
FNDA:0,(anonymous_4)
DA:12,0
DA:22,0
DA:23,0
DA:24,0
DA:26,0
DA:27,0
DA:29,0
DA:30,0
DA:32,0
DA:34,0
DA:36,0
LF:11
LH:0
BRF:0
BRH:0
end_of_record
TN:
SF:src/components/CategoryPieChart.jsx
FN:18,CategoryPieChart
FN:20,(anonymous_1)
FN:30,(anonymous_2)
FN:31,(anonymous_3)
FNF:4
FNH:1
FNDA:1,CategoryPieChart
FNDA:0,(anonymous_1)
FNDA:0,(anonymous_2)
FNDA:0,(anonymous_3)
DA:5,1
DA:7,1
DA:19,1
DA:20,1
DA:21,0
DA:22,0
DA:25,1
DA:26,1
DA:30,0
DA:31,0
DA:37,1
LF:11
LH:7
BRDA:18,0,0,0
BRDA:21,1,0,0
BRDA:21,1,1,0
BRDA:22,2,0,0
BRDA:22,2,1,0
BRDA:22,3,0,0
BRDA:22,3,1,0
BRDA:40,4,0,0
BRDA:40,4,1,1
BRF:9
BRH:1
end_of_record
TN:
SF:src/components/ExpenseList.jsx
FN:1,ExpenseList
FN:10,(anonymous_1)
FN:18,(anonymous_2)
FNF:3
FNH:1
FNDA:1,ExpenseList
FNDA:0,(anonymous_1)
FNDA:0,(anonymous_2)
DA:2,1
DA:3,1
DA:6,0
DA:11,0
DA:18,0
LF:5
LH:2
BRDA:2,0,0,1
BRDA:2,0,1,0
BRF:2
BRH:1
end_of_record
TN:
SF:src/components/Expenseform.jsx
FN:9,Expenseform
FN:12,(anonymous_1)
FN:14,(anonymous_2)
FN:17,(anonymous_3)
FNF:4
FNH:1
FNDA:1,Expenseform
FNDA:0,(anonymous_1)
FNDA:0,(anonymous_2)
FNDA:0,(anonymous_3)
DA:3,1
DA:10,1
DA:12,1
DA:13,0
DA:14,0
DA:17,1
DA:18,0
DA:19,0
DA:20,0
DA:22,0
DA:29,0
DA:32,1
LF:12
LH:5
BRDA:20,0,0,0
BRDA:20,0,1,0
BRDA:20,1,0,0
BRDA:20,1,1,0
BRDA:20,1,2,0
BRDA:26,2,0,0
BRDA:26,2,1,0
BRF:7
BRH:0
end_of_record
TN:
SF:src/components/ProtectedRoute.jsx
FNF:0
FNH:0
LF:0
LH:0
BRF:0
BRH:0
end_of_record
TN:
SF:src/components/TrendLineChart.jsx
FN:15,TrendLineChart
FN:17,(anonymous_1)
FN:30,(anonymous_2)
FNF:3
FNH:1
FNDA:1,TrendLineChart
FNDA:0,(anonymous_1)
FNDA:0,(anonymous_2)
DA:13,1
DA:16,1
DA:17,1
DA:18,0
DA:19,0
DA:20,0
DA:21,0
DA:24,1
DA:25,1
DA:30,0
DA:39,1
LF:11
LH:6
BRDA:15,0,0,0
BRDA:18,1,0,0
BRDA:18,1,1,0
BRDA:21,2,0,0
BRDA:21,2,1,0
BRDA:21,3,0,0
BRDA:21,3,1,0
BRDA:42,4,0,0
BRDA:42,4,1,1
BRF:9
BRH:1
end_of_record
TN:
SF:src/pages/AdminPage.jsx
FNF:0
FNH:0
LF:0
LH:0
BRF:0
BRH:0
end_of_record
TN:
SF:src/pages/AuthPage.jsx
FN:5,AuthPage
FN:13,(anonymous_1)
FN:36,(anonymous_2)
FN:41,(anonymous_3)
FN:57,(anonymous_4)
FN:81,(anonymous_5)
FN:90,(anonymous_6)
FN:115,(anonymous_7)
FN:122,(anonymous_8)
FNF:9
FNH:9
FNDA:33,AuthPage
FNDA:2,(anonymous_1)
FNDA:1,(anonymous_2)
FNDA:2,(anonymous_3)
FNDA:1,(anonymous_4)
FNDA:14,(anonymous_5)
FNDA:7,(anonymous_6)
FNDA:1,(anonymous_7)
FNDA:1,(anonymous_8)
DA:6,33
DA:7,33
DA:8,33
DA:9,33
DA:10,33
DA:11,33
DA:13,33
DA:14,2
DA:15,2
DA:16,0
DA:17,0
DA:19,0
DA:21,2
DA:22,0
DA:24,2
DA:25,1
DA:27,1
DA:28,0
DA:30,1
DA:31,1
DA:33,0
DA:36,33
DA:37,1
DA:38,1
DA:41,33
DA:42,2
DA:43,2
DA:44,2
DA:45,2
DA:47,2
DA:48,0
DA:49,1
DA:51,1
DA:53,2
DA:57,33
DA:58,1
DA:59,1
DA:60,1
DA:61,1
DA:62,0
DA:64,1
DA:66,1
DA:70,33
DA:81,14
DA:90,7
DA:115,1
DA:122,1
LF:47
LH:39
BRDA:14,0,0,2
BRDA:14,0,1,0
BRDA:15,1,0,0
BRDA:15,1,1,2
BRDA:16,2,0,0
BRDA:16,2,1,0
BRDA:21,3,0,0
BRDA:21,3,1,2
BRDA:24,4,0,1
BRDA:24,4,1,1
BRDA:27,5,0,0
BRDA:27,5,1,1
BRDA:30,6,0,1
BRDA:30,6,1,0
BRDA:33,7,0,0
BRDA:33,7,1,0
BRDA:37,8,0,1
BRDA:37,8,1,1
BRDA:47,9,0,2
BRDA:47,9,1,0
BRDA:94,10,0,33
BRDA:94,10,1,2
BRDA:98,11,0,32
BRDA:98,11,1,1
BRDA:112,12,0,32
BRDA:112,12,1,1
BRF:26
BRH:16
end_of_record
TN:
SF:src/pages/Dashboard.jsx
FN:9,Dashboard
FN:13,(anonymous_1)
FN:14,(anonymous_2)
FN:17,(anonymous_3)
FN:18,(anonymous_4)
FN:18,(anonymous_5)
FN:21,(anonymous_6)
FN:29,(anonymous_7)
FNF:8
FNH:2
FNDA:1,Dashboard
FNDA:0,(anonymous_1)
FNDA:0,(anonymous_2)
FNDA:0,(anonymous_3)
FNDA:0,(anonymous_4)
FNDA:0,(anonymous_5)
FNDA:1,(anonymous_6)
FNDA:0,(anonymous_7)
DA:10,1
DA:11,1
DA:13,1
DA:14,0
DA:17,1
DA:18,0
DA:21,1
DA:22,1
DA:23,1
DA:25,1
DA:29,1
DA:31,1
LF:12
LH:10
BRDA:35,0,0,1
BRDA:35,0,1,0
BRF:2
BRH:1
end_of_record
TN:
SF:src/pages/HomePage.jsx
FN:3,HomePage
FN:15,(anonymous_1)
FNF:2
FNH:1
FNDA:6,HomePage
FNDA:0,(anonymous_1)
DA:4,6
DA:6,6
DA:15,0
LF:3
LH:2
BRF:0
BRH:0
end_of_record
